TN:
SF:/var/www/html/PeganManager/src/auth/index.js
FN:13,login
FN:14,(anonymous_2)
FN:16,(anonymous_3)
FN:21,checkAuth
FNF:4
FNH:2
FNDA:1,login
FNDA:0,(anonymous_2)
FNDA:0,(anonymous_3)
FNDA:2,checkAuth
DA:0,1
DA:1,1
DA:2,1
DA:16,1
DA:18,0
DA:20,0
DA:21,0
DA:29,2
DA:30,2
DA:31,1
DA:33,1
LF:11
LH:8
BRDA:23,1,0,1
BRDA:23,1,1,1
BRF:2
BRH:2
end_of_record
TN:
SF:/var/www/html/PeganManager/src/App.vue
FN:11,_interopRequireDefault
FNF:1
FNH:1
FNDA:1,_interopRequireDefault
DA:0,1
DA:26,1
LF:2
LH:2
BRDA:11,1,0,0
BRDA:11,1,1,1
BRDA:11,2,0,1
BRDA:11,2,1,1
BRF:4
BRH:4
end_of_record
TN:
SF:/var/www/html/PeganManager/src/components/Hello.vue
FN:7,data
FNF:1
FNH:0
FNDA:0,data
DA:0,1
DA:10,0
LF:2
LH:1
BRF:0
BRH:0
end_of_record
